<?xml version="1.0" encoding="UTF-8"?>
<testng-results skipped="0" failed="0" ignored="0" total="2" passed="2">
  <reporter-output>
  </reporter-output>
  <suite name="Default suite" duration-ms="14191" started-at="2018-01-20T03:32:53Z" finished-at="2018-01-20T03:33:07Z">
    <groups>
    </groups>
    <test name="Default test" duration-ms="14191" started-at="2018-01-20T03:32:53Z" finished-at="2018-01-20T03:33:07Z">
      <class name="javapackage.Loanamount">
        <test-method status="PASS" signature="loan()[pri:0, instance:javapackage.Loanamount@26653222]" name="loan" is-config="true" duration-ms="4333" started-at="2018-01-19T21:32:53Z" finished-at="2018-01-19T21:32:57Z">
          <reporter-output>
          </reporter-output>
        </test-method> <!-- loan -->
        <test-method status="PASS" signature="entervalue(java.lang.String, java.lang.String, java.lang.String)[pri:0, instance:javapackage.Loanamount@26653222]" name="entervalue" duration-ms="3295" started-at="2018-01-19T21:32:57Z" data-provider="dealsloandata" finished-at="2018-01-19T21:33:00Z">
          <params>
            <param index="0">
              <value>
                <![CDATA[200]]>
              </value>
            </param>
            <param index="1">
              <value>
                <![CDATA[5]]>
              </value>
            </param>
            <param index="2">
              <value>
                <![CDATA[8]]>
              </value>
            </param>
          </params>
          <reporter-output>
          </reporter-output>
        </test-method> <!-- entervalue -->
        <test-method status="PASS" signature="loan()[pri:0, instance:javapackage.Loanamount@26653222]" name="loan" is-config="true" duration-ms="3363" started-at="2018-01-19T21:33:00Z" finished-at="2018-01-19T21:33:04Z">
          <reporter-output>
          </reporter-output>
        </test-method> <!-- loan -->
        <test-method status="PASS" signature="entervalue(java.lang.String, java.lang.String, java.lang.String)[pri:0, instance:javapackage.Loanamount@26653222]" name="entervalue" duration-ms="3182" started-at="2018-01-19T21:33:04Z" data-provider="dealsloandata" finished-at="2018-01-19T21:33:07Z">
          <params>
            <param index="0">
              <value>
                <![CDATA[300]]>
              </value>
            </param>
            <param index="1">
              <value>
                <![CDATA[8]]>
              </value>
            </param>
            <param index="2">
              <value>
                <![CDATA[10]]>
              </value>
            </param>
          </params>
          <reporter-output>
          </reporter-output>
        </test-method> <!-- entervalue -->
      </class> <!-- javapackage.Loanamount -->
    </test> <!-- Default test -->
  </suite> <!-- Default suite -->
</testng-results>
